<?xml version="1.0" encoding="UTF-8"?>
<!-- Generated by org.testng.reporters.JUnitReportReporter -->
<testsuite hostname="DESKTOP-IF4KRO1" failures="0" tests="1" name="Utilities.BaseClass" time="5.570" errors="0" timestamp="2022-07-13T11:35:38 IST" skipped="0">
  <testcase classname="Utilities.BaseClass" name="setUp" time="5.570"/>
  <system-out/>
</testsuite> <!-- Utilities.BaseClass -->
